<?xml version="1.0" encoding="UTF-8"?>
<!-- Generated by org.testng.reporters.JUnitReportReporter -->
<testsuite hostname="BVINAYKUMAR" failures="0" tests="5" name="Annotation" time="0.008" errors="0" timestamp="2021-08-15T14:13:15 IST" skipped="0">
  <testcase classname="Annotation" name="testMethod" time="0.001"/>
  <system-out/>
  <testcase classname="Annotation" name="testMethod" time="0.001"/>
  <system-out/>
  <testcase classname="Annotation" name="testMethod" time="0.000"/>
  <system-out/>
  <testcase classname="Annotation" name="testMethod" time="0.005"/>
  <system-out/>
  <testcase classname="Annotation" name="testMethod" time="0.001"/>
  <system-out/>
</testsuite> <!-- Annotation -->
