<?xml version="1.0" encoding="UTF-8"?>
<!-- Generated by org.testng.reporters.JUnitReportReporter -->
<testsuite hostname="BVINAYKUMAR" failures="0" tests="3" name="webTable" time="7.867" errors="0" timestamp="2021-08-14T15:13:49 IST" skipped="0">
  <testcase classname="webTable" name="test2" time="0.006"/>
  <system-out/>
  <testcase classname="webTable" name="test1" time="3.529"/>
  <system-out/>
  <testcase classname="webTable" name="test1" time="4.332"/>
  <system-out/>
</testsuite> <!-- webTable -->
